03-03-2024 10:27:33.388 ERROR [finalproj.GameEngine] - Error giving employee a raise: Column 'EMPLOYEE_ID' is either not in any table in the FROM list or appears within a join specification and is outside the scope of the join specification or appears in a HAVING clause and is not in the GROUP BY list. If this is a CREATE or ALTER TABLE  statement then 'EMPLOYEE_ID' is not a column in the target table.
java.sql.SQLSyntaxErrorException: Column 'EMPLOYEE_ID' is either not in any table in the FROM list or appears within a join specification and is outside the scope of the join specification or appears in a HAVING clause and is not in the GROUP BY list. If this is a CREATE or ALTER TABLE  statement then 'EMPLOYEE_ID' is not a column in the target table.
	at org.apache.derby.impl.jdbc.SQLExceptionFactory.getSQLException(Unknown Source) ~[derby.jar:?]
	at org.apache.derby.impl.jdbc.Util.generateCsSQLException(Unknown Source) ~[derby.jar:?]
	at org.apache.derby.impl.jdbc.TransactionResourceImpl.wrapInSQLException(Unknown Source) ~[derby.jar:?]
	at org.apache.derby.impl.jdbc.TransactionResourceImpl.handleException(Unknown Source) ~[derby.jar:?]
	at org.apache.derby.impl.jdbc.EmbedConnection.handleException(Unknown Source) ~[derby.jar:?]
	at org.apache.derby.impl.jdbc.ConnectionChild.handleException(Unknown Source) ~[derby.jar:?]
	at org.apache.derby.impl.jdbc.EmbedPreparedStatement.<init>(Unknown Source) ~[derby.jar:?]
	at org.apache.derby.impl.jdbc.EmbedPreparedStatement42.<init>(Unknown Source) ~[derby.jar:?]
	at org.apache.derby.jdbc.Driver42.newEmbedPreparedStatement(Unknown Source) ~[derby.jar:?]
	at org.apache.derby.impl.jdbc.EmbedConnection.prepareStatement(Unknown Source) ~[derby.jar:?]
	at org.apache.derby.impl.jdbc.EmbedConnection.prepareStatement(Unknown Source) ~[derby.jar:?]
	at finalproj.GameEngine.giveEmployeeRaise(GameEngine.java:29) [Java2-FinalProject/:?]
	at finalproj.GameEngine.<init>(GameEngine.java:95) [Java2-FinalProject/:?]
	at finalproj.RestaurantGame.main(RestaurantGame.java:27) [Java2-FinalProject/:?]
Caused by: org.apache.derby.iapi.error.StandardException: Column 'EMPLOYEE_ID' is either not in any table in the FROM list or appears within a join specification and is outside the scope of the join specification or appears in a HAVING clause and is not in the GROUP BY list. If this is a CREATE or ALTER TABLE  statement then 'EMPLOYEE_ID' is not a column in the target table.
	at org.apache.derby.iapi.error.StandardException.newException(Unknown Source) ~[derby.jar:?]
	at org.apache.derby.iapi.error.StandardException.newException(Unknown Source) ~[derby.jar:?]
	at org.apache.derby.impl.sql.compile.ColumnReference.bindExpression(Unknown Source) ~[derby.jar:?]
	at org.apache.derby.impl.sql.compile.ColumnReference.bindExpression(Unknown Source) ~[derby.jar:?]
	at org.apache.derby.impl.sql.compile.BinaryOperatorNode.bindExpression(Unknown Source) ~[derby.jar:?]
	at org.apache.derby.impl.sql.compile.BinaryComparisonOperatorNode.bindExpression(Unknown Source) ~[derby.jar:?]
	at org.apache.derby.impl.sql.compile.SelectNode.bindExpressions(Unknown Source) ~[derby.jar:?]
	at org.apache.derby.impl.sql.compile.DMLStatementNode.bindExpressions(Unknown Source) ~[derby.jar:?]
	at org.apache.derby.impl.sql.compile.UpdateNode.bindStatement(Unknown Source) ~[derby.jar:?]
	at org.apache.derby.impl.sql.GenericStatement.prepMinion(Unknown Source) ~[derby.jar:?]
	at org.apache.derby.impl.sql.GenericStatement.prepare(Unknown Source) ~[derby.jar:?]
	at org.apache.derby.impl.sql.conn.GenericLanguageConnectionContext.prepareInternalStatement(Unknown Source) ~[derby.jar:?]
	... 8 more
03-05-2024 17:39:26.121 ERROR [finalproj.GameEngine] - Error giving employee a raise: The resulting value is outside the range for the data type DECIMAL/NUMERIC(11,2).
java.sql.SQLDataException: The resulting value is outside the range for the data type DECIMAL/NUMERIC(11,2).
	at org.apache.derby.impl.jdbc.SQLExceptionFactory.getSQLException(Unknown Source) ~[derby.jar:?]
	at org.apache.derby.impl.jdbc.Util.generateCsSQLException(Unknown Source) ~[derby.jar:?]
	at org.apache.derby.impl.jdbc.TransactionResourceImpl.wrapInSQLException(Unknown Source) ~[derby.jar:?]
	at org.apache.derby.impl.jdbc.TransactionResourceImpl.handleException(Unknown Source) ~[derby.jar:?]
	at org.apache.derby.impl.jdbc.EmbedConnection.handleException(Unknown Source) ~[derby.jar:?]
	at org.apache.derby.impl.jdbc.ConnectionChild.handleException(Unknown Source) ~[derby.jar:?]
	at org.apache.derby.impl.jdbc.EmbedStatement.executeStatement(Unknown Source) ~[derby.jar:?]
	at org.apache.derby.impl.jdbc.EmbedPreparedStatement.executeStatement(Unknown Source) ~[derby.jar:?]
	at org.apache.derby.impl.jdbc.EmbedPreparedStatement.executeLargeUpdate(Unknown Source) ~[derby.jar:?]
	at org.apache.derby.impl.jdbc.EmbedPreparedStatement.executeUpdate(Unknown Source) ~[derby.jar:?]
	at finalproj.GameEngine.giveEmployeeRaise(GameEngine.java:78) [Java2-FinalProject/:?]
	at finalproj.GameEngine.lookAround(GameEngine.java:195) [Java2-FinalProject/:?]
	at finalproj.GameEngine.goDining(GameEngine.java:169) [Java2-FinalProject/:?]
	at finalproj.GameEngine.movePlayer(GameEngine.java:182) [Java2-FinalProject/:?]
	at finalproj.GameEngine.reviewInput(GameEngine.java:465) [Java2-FinalProject/:?]
	at finalproj.RestaurantGame.main(RestaurantGame.java:58) [Java2-FinalProject/:?]
Caused by: org.apache.derby.iapi.error.StandardException: The resulting value is outside the range for the data type DECIMAL/NUMERIC(11,2).
	at org.apache.derby.iapi.error.StandardException.newException(Unknown Source) ~[derby.jar:?]
	at org.apache.derby.iapi.error.StandardException.newException(Unknown Source) ~[derby.jar:?]
	at org.apache.derby.iapi.types.SQLDecimal.setWidth(Unknown Source) ~[derby.jar:?]
	at org.apache.derby.exe.acf81e0010x018ex10fcx17fex0000052c50b00.e1(Unknown Source) ~[?:?]
	at org.apache.derby.impl.services.reflect.DirectCall.invoke(Unknown Source) ~[derby.jar:?]
	at org.apache.derby.impl.sql.execute.ProjectRestrictResultSet.doProjection(Unknown Source) ~[derby.jar:?]
	at org.apache.derby.impl.sql.execute.ProjectRestrictResultSet.getNextRowCore(Unknown Source) ~[derby.jar:?]
	at org.apache.derby.impl.sql.execute.NormalizeResultSet.getNextRowCore(Unknown Source) ~[derby.jar:?]
	at org.apache.derby.impl.sql.execute.DMLWriteResultSet.getNextRowCore(Unknown Source) ~[derby.jar:?]
	at org.apache.derby.impl.sql.execute.UpdateResultSet.getNextRowCore(Unknown Source) ~[derby.jar:?]
	at org.apache.derby.impl.sql.execute.UpdateResultSet.collectAffectedRows(Unknown Source) ~[derby.jar:?]
	at org.apache.derby.impl.sql.execute.UpdateResultSet.open(Unknown Source) ~[derby.jar:?]
	at org.apache.derby.impl.sql.GenericPreparedStatement.executeStmt(Unknown Source) ~[derby.jar:?]
	at org.apache.derby.impl.sql.GenericPreparedStatement.execute(Unknown Source) ~[derby.jar:?]
	... 10 more
